app/build/intermediates/manifest_merge_blame_file/debug/manifest-merger-blame-debug-report.txt
1<?xml version="1.0" encoding="utf-8"?>
2<manifest xmlns:android="http://schemas.android.com/apk/res/android"
3    package="com.example.pocketfresh"
4    android:versionCode="1"
5    android:versionName="1.0" >
6
7    <uses-sdk
8        android:minSdkVersion="23"
8-->src/main/AndroidManifest.xml
9        android:targetSdkVersion="32" />
9-->src/main/AndroidManifest.xml
10
11    <application
11-->src/main/AndroidManifest.xml:5:5-43:19
12        android:allowBackup="true"
12-->src/main/AndroidManifest.xml:6:9-35
13        android:appComponentFactory="androidx.core.app.CoreComponentFactory"
13-->[androidx.core:core:1.7.0] AndroidManifest.xml:24:18-86
14        android:debuggable="true"
15        android:extractNativeLibs="false"
16        android:icon="@mipmap/ic_launcher"
16-->src/main/AndroidManifest.xml:7:9-43
17        android:label="@string/app_name"
17-->src/main/AndroidManifest.xml:8:9-41
18        android:roundIcon="@mipmap/ic_launcher_round"
18-->src/main/AndroidManifest.xml:9:9-54
19        android:supportsRtl="true"
19-->src/main/AndroidManifest.xml:10:9-35
20        android:testOnly="true"
21        android:theme="@style/Theme.PocketFresh" >
21-->src/main/AndroidManifest.xml:11:9-49
22        <activity
22-->src/main/AndroidManifest.xml:12:9-15:62
23            android:name="com.example.pocketfresh.NavBar"
23-->src/main/AndroidManifest.xml:13:13-35
24            android:exported="false"
24-->src/main/AndroidManifest.xml:14:13-37
25            android:label="@string/title_activity_nav_bar" />
25-->src/main/AndroidManifest.xml:15:13-59
26        <activity
26-->src/main/AndroidManifest.xml:16:9-18:40
27            android:name="com.example.pocketfresh.home_screen"
27-->src/main/AndroidManifest.xml:17:13-40
28            android:exported="false" />
28-->src/main/AndroidManifest.xml:18:13-37
29        <activity
29-->src/main/AndroidManifest.xml:19:9-21:40
30            android:name="com.example.pocketfresh.sign_up_screen"
30-->src/main/AndroidManifest.xml:20:13-43
31            android:exported="false" />
31-->src/main/AndroidManifest.xml:21:13-37
32        <activity
32-->src/main/AndroidManifest.xml:22:9-30:20
33            android:name="com.example.pocketfresh.launch_screen"
33-->src/main/AndroidManifest.xml:23:13-42
34            android:exported="true" >
34-->src/main/AndroidManifest.xml:24:13-36
35            <intent-filter>
35-->src/main/AndroidManifest.xml:25:13-29:29
36                <action android:name="android.intent.action.MAIN" />
36-->src/main/AndroidManifest.xml:26:17-69
36-->src/main/AndroidManifest.xml:26:25-66
37
38                <category android:name="android.intent.category.LAUNCHER" />
38-->src/main/AndroidManifest.xml:28:17-77
38-->src/main/AndroidManifest.xml:28:27-74
39            </intent-filter>
40        </activity>
41        <activity
41-->src/main/AndroidManifest.xml:31:9-33:40
42            android:name="com.example.pocketfresh.search_screen"
42-->src/main/AndroidManifest.xml:32:13-42
43            android:exported="false" />
43-->src/main/AndroidManifest.xml:33:13-37
44        <activity
44-->src/main/AndroidManifest.xml:34:9-36:40
45            android:name="com.example.pocketfresh.ItemScreen"
45-->src/main/AndroidManifest.xml:35:13-39
46            android:exported="false" />
46-->src/main/AndroidManifest.xml:36:13-37
47        <activity
47-->src/main/AndroidManifest.xml:37:9-39:40
48            android:name="com.example.pocketfresh.fruitsInSeason"
48-->src/main/AndroidManifest.xml:38:13-43
49            android:exported="false" />
49-->src/main/AndroidManifest.xml:39:13-37
50        <activity
50-->src/main/AndroidManifest.xml:40:9-42:40
51            android:name="com.example.pocketfresh.vegetablesInSeason"
51-->src/main/AndroidManifest.xml:41:13-47
52            android:exported="false" />
52-->src/main/AndroidManifest.xml:42:13-37
53
54        <provider
54-->[androidx.emoji2:emoji2:1.0.0] AndroidManifest.xml:26:9-34:20
55            android:name="androidx.startup.InitializationProvider"
55-->[androidx.emoji2:emoji2:1.0.0] AndroidManifest.xml:27:13-67
56            android:authorities="com.example.pocketfresh.androidx-startup"
56-->[androidx.emoji2:emoji2:1.0.0] AndroidManifest.xml:28:13-68
57            android:exported="false" >
57-->[androidx.emoji2:emoji2:1.0.0] AndroidManifest.xml:29:13-37
58            <meta-data
58-->[androidx.emoji2:emoji2:1.0.0] AndroidManifest.xml:31:13-33:52
59                android:name="androidx.emoji2.text.EmojiCompatInitializer"
59-->[androidx.emoji2:emoji2:1.0.0] AndroidManifest.xml:32:17-75
60                android:value="androidx.startup" />
60-->[androidx.emoji2:emoji2:1.0.0] AndroidManifest.xml:33:17-49
61            <meta-data
61-->[androidx.lifecycle:lifecycle-process:2.4.0] AndroidManifest.xml:31:13-33:52
62                android:name="androidx.lifecycle.ProcessLifecycleInitializer"
62-->[androidx.lifecycle:lifecycle-process:2.4.0] AndroidManifest.xml:32:17-78
63                android:value="androidx.startup" />
63-->[androidx.lifecycle:lifecycle-process:2.4.0] AndroidManifest.xml:33:17-49
64        </provider>
65
66        <uses-library
66-->[androidx.window:window:1.0.0] AndroidManifest.xml:25:9-27:40
67            android:name="androidx.window.extensions"
67-->[androidx.window:window:1.0.0] AndroidManifest.xml:26:13-54
68            android:required="false" />
68-->[androidx.window:window:1.0.0] AndroidManifest.xml:27:13-37
69        <uses-library
69-->[androidx.window:window:1.0.0] AndroidManifest.xml:28:9-30:40
70            android:name="androidx.window.sidecar"
70-->[androidx.window:window:1.0.0] AndroidManifest.xml:29:13-51
71            android:required="false" />
71-->[androidx.window:window:1.0.0] AndroidManifest.xml:30:13-37
72    </application>
73
74</manifest>